<?xml version="1.0" encoding="UTF-8"?>
<!-- Generated by org.testng.reporters.JUnitReportReporter -->
<testsuite hostname="VAMSI" failures="0" tests="1" name="Demo.SampleTest" time="0.005" errors="0" timestamp="2022-11-21T21:15:35 IST" skipped="0">
  <testcase classname="Demo.SampleTest" name="test" time="0.005"/>
  <system-out/>
</testsuite> <!-- Demo.SampleTest -->
